<?xml version="1.0" encoding="UTF-8"?>
<!-- Generated by org.testng.reporters.JUnitReportReporter -->
<testsuite hostname="DESKTOP-KKV864D" failures="0" tests="1" name="testNG_basic.Window_Handling" time="14.967" errors="0" timestamp="2023-05-08T19:33:56 IST" skipped="0">
  <testcase classname="testNG_basic.Window_Handling" name="window" time="14.967"/>
  <system-out/>
</testsuite> <!-- testNG_basic.Window_Handling -->
