<?xml version="1.0" encoding="UTF-8"?>
<!-- Generated by org.testng.reporters.JUnitReportReporter -->
<testsuite hostname="DESKTOP-KKV864D" failures="0" tests="1" name="testNG_basic.Handling_alerts" time="12.564" errors="0" timestamp="2023-05-08T20:04:43 IST" skipped="0">
  <testcase classname="testNG_basic.Handling_alerts" name="alert" time="12.564"/>
  <system-out/>
</testsuite> <!-- testNG_basic.Handling_alerts -->
