<?xml version="1.0" encoding="UTF-8"?>
<!-- Generated by org.testng.reporters.JUnitReportReporter -->
<testsuite hostname="DESKTOP-KKV864D" failures="0" tests="1" name="testNG_basic.Handlin_Frames" time="27.833" errors="0" timestamp="2023-05-08T19:33:56 IST" skipped="0">
  <testcase classname="testNG_basic.Handlin_Frames" name="frame" time="27.833"/>
  <system-out/>
</testsuite> <!-- testNG_basic.Handlin_Frames -->
