<?xml version="1.0" encoding="UTF-8"?>
<!-- Generated by org.testng.reporters.JUnitReportReporter -->
<testsuite hostname="DESKTOP-KKV864D" failures="0" tests="1" name="testNG_basic.HelloYoutube" time="16.812" errors="0" timestamp="2023-05-10T14:21:53 IST" skipped="0">
  <testcase classname="testNG_basic.HelloYoutube" name="netflixlogin" time="16.812"/>
  <system-out/>
</testsuite> <!-- testNG_basic.HelloYoutube -->
