<?xml version="1.0" encoding="UTF-8"?>
<!-- Generated by org.testng.reporters.JUnitReportReporter -->
<testsuite hostname="DESKTOP-KKV864D" failures="0" tests="1" name="testNG_basic.Draganddrop" time="11.112" errors="0" timestamp="2023-05-08T20:04:43 IST" skipped="0">
  <testcase classname="testNG_basic.Draganddrop" name="drag" time="11.112"/>
  <system-out/>
</testsuite> <!-- testNG_basic.Draganddrop -->
