<?xml version="1.0" encoding="UTF-8"?>
<!-- Generated by org.testng.reporters.JUnitReportReporter -->
<testsuite hostname="DESKTOP-KKV864D" failures="0" tests="2" name="testNG_basic.NewTest" time="0.009" errors="0" timestamp="2023-06-02T12:25:54 IST" skipped="0">
  <testcase classname="testNG_basic.NewTest" name="f" time="0.007"/>
  <system-out/>
  <testcase classname="testNG_basic.NewTest" name="f1" time="0.002"/>
  <system-out/>
</testsuite> <!-- testNG_basic.NewTest -->
