<?xml version="1.0" encoding="UTF-8"?>
<!-- Generated by org.testng.reporters.JUnitReportReporter -->
<testsuite hostname="DESKTOP-KKV864D" failures="0" tests="1" name="testNG_basic.DepensOnANDEnabled" time="0.007" errors="0" timestamp="2023-06-02T12:48:21 IST" skipped="0">
  <testcase classname="testNG_basic.DepensOnANDEnabled" name="priority_alwaysrun_or_enabled" time="0.007"/>
  <system-out/>
</testsuite> <!-- testNG_basic.DepensOnANDEnabled -->
